<?xml version="1.0" encoding="UTF-8"?>
<testng-results ignored="0" total="1" passed="1" failed="0" skipped="0">
  <reporter-output>
  </reporter-output>
  <suite started-at="2024-12-14T12:22:56 IST" name="Default suite" finished-at="2024-12-14T12:23:02 IST" duration-ms="6105">
    <groups>
    </groups>
    <test started-at="2024-12-14T12:22:56 IST" name="Default test" finished-at="2024-12-14T12:23:02 IST" duration-ms="6105">
      <class name="org.scriptsrunner.healthsync.Mavenexamplescript">
        <test-method signature="get()[pri:0, instance:org.scriptsrunner.healthsync.Mavenexamplescript@7205765b]" started-at="2024-12-14T12:22:56 IST" name="get" finished-at="2024-12-14T12:23:02 IST" duration-ms="6073" status="PASS">
          <reporter-output>
          </reporter-output>
        </test-method> <!-- get -->
      </class> <!-- org.scriptsrunner.healthsync.Mavenexamplescript -->
    </test> <!-- Default test -->
  </suite> <!-- Default suite -->
</testng-results>
