<?xml version="1.0" encoding="UTF-8"?>
<testng-results ignored="0" total="1" passed="1" failed="0" skipped="0">
  <reporter-output>
  </reporter-output>
  <suite started-at="2024-12-09T15:39:17 IST" name="Default suite" finished-at="2024-12-09T15:39:20 IST" duration-ms="3109">
    <groups>
    </groups>
    <test started-at="2024-12-09T15:39:17 IST" name="Default test" finished-at="2024-12-09T15:39:20 IST" duration-ms="3109">
      <class name="createadminpojo.Createadminn">
        <test-method signature="create()[pri:0, instance:createadminpojo.Createadminn@3c73951]" started-at="2024-12-09T15:39:17 IST" name="create" finished-at="2024-12-09T15:39:20 IST" duration-ms="3062" status="PASS">
          <reporter-output>
          </reporter-output>
        </test-method> <!-- create -->
      </class> <!-- createadminpojo.Createadminn -->
    </test> <!-- Default test -->
  </suite> <!-- Default suite -->
</testng-results>
