<?xml version="1.0" encoding="UTF-8"?>
<testng-results ignored="0" total="1" passed="1" failed="0" skipped="0">
  <reporter-output>
  </reporter-output>
  <suite started-at="2024-12-19T12:25:04 IST" name="Suite" finished-at="2024-12-19T12:25:11 IST" duration-ms="6767">
    <groups>
    </groups>
    <test started-at="2024-12-19T12:25:04 IST" name="Test" finished-at="2024-12-19T12:25:11 IST" duration-ms="6767">
      <class name="org.scriptsrunner.healthsync.Mavenexamplescript">
        <test-method signature="get()[pri:0, instance:org.scriptsrunner.healthsync.Mavenexamplescript@27ce24aa]" started-at="2024-12-19T12:25:04 IST" name="get" finished-at="2024-12-19T12:25:11 IST" duration-ms="6729" status="PASS">
          <reporter-output>
          </reporter-output>
        </test-method> <!-- get -->
      </class> <!-- org.scriptsrunner.healthsync.Mavenexamplescript -->
    </test> <!-- Test -->
  </suite> <!-- Suite -->
</testng-results>
